DCL: code = 30 (11110), symb 7, zero = 0, magn = 7, size = 5
ACL: code = 11 (1011), symb 4, zero = 0, magn = 4, size = 4
ACL: code = 1 (01), symb 2, zero = 0, magn = 2, size = 2
ACL: code = 1 (01), symb 2, zero = 0, magn = 2, size = 2
ACL: code = 1 (01), symb 2, zero = 0, magn = 2, size = 2
ACL: code = 1016 (1111111000), symb 66, zero = 4, magn = 2, size = 10
ACL: code = 0 (00), symb 1, zero = 0, magn = 1, size = 2
ACL: code = 2040 (11111111000), symb 209, zero = 13, magn = 1, size = 11
ACL: code = 10 (1010), symb 0, zero = 0, magn = 0, size = 4

DCL: code = 3 (011), symb 2, zero = 0, magn = 2, size = 3
ACL: code = 4 (100), symb 3, zero = 0, magn = 3, size = 3
ACL: code = 1 (01), symb 2, zero = 0, magn = 2, size = 2
ACL: code = 12 (1100), symb 17, zero = 1, magn = 1, size = 4
ACL: code = 28 (11100), symb 33, zero = 2, magn = 1, size = 5
ACL: code = 0 (00), symb 1, zero = 0, magn = 1, size = 2
ACL: code = 0 (00), symb 1, zero = 0, magn = 1, size = 2
ACL: code = 0 (00), symb 1, zero = 0, magn = 1, size = 2
ACL: code = 12 (1100), symb 17, zero = 1, magn = 1, size = 4
ACL: code = 122 (1111010), symb 81, zero = 5, magn = 1, size = 7
ACL: code = 10 (1010), symb 0, zero = 0, magn = 0, size = 4


DCC: code = 30 (11110), symb 5, zero = 0, magn = 5, size = 5
ACC: code = 1 (01), symb 1, zero = 0, magn = 1, size = 2
ACC: code = 1 (01), symb 1, zero = 0, magn = 1, size = 2
ACC: code = 1 (01), symb 1, zero = 0, magn = 1, size = 2
ACC: code = 27 (11011), symb 49, zero = 3, magn = 1, size = 5
ACC: code = 1 (01), symb 1, zero = 0, magn = 1, size = 2
ACC: code = 1 (01), symb 1, zero = 0, magn = 1, size = 2
ACC: code = 26 (11010), symb 33, zero = 2, magn = 1, size = 5
ACC: code = 0 (00), symb 0, zero = 0, magn = 0, size = 2
EOB 0 AC Chrom : offset = 23, off = 30, bits = 111101001001010010101100010101| -29 | 1 | -1 | 1 | 0 | 0 | 0 | 1 | 1 | -1 | 0 | 0 | 1 | 0 | 0 | 0 | 0 | 0 | 0 | 0 | 0 | 0 | 0 | 0 | 0 | 0 | 0 | 0 | 0 | 0 | 0 | 0 | 0 | 0 | 0 | 0 | 0 | 0 | 0 | 0 | 0 | 0 | 0 | 0 | 0 | 0 | 0 | 0 | 0 | 0 | 0 | 0 | 0 | 0 | 0 | 0 | 0 | 0 | 0 | 0 | 0 | 0 | 0 | 0 | 
DCC: code = 30 (11110), symb 5, zero = 0, magn = 5, size = 5
ACC: code = 1 (01), symb 1, zero = 0, magn = 1, size = 2
ACC: code = 4 (100), symb 2, zero = 0, magn = 2, size = 3
ACC: code = 11 (1011), symb 17, zero = 1, magn = 1, size = 4
ACC: code = 0 (00), symb 0, zero = 0, magn = 0, size = 2
EOB 0 AC Chrom : offset = 26, off = 29, bits = 10101100001001011101101100100| 18 | -1 | 2 | 0 | -1 | 0 | 0 | 0 | 0 | 0 | 0 | 0 | 0 | 0 | 0 | 0 | 0 | 0 | 0 | 0 | 0 | 0 | 0 | 0 | 0 | 0 | 0 | 0 | 0 | 0 | 0 | 0 | 0 | 0 | 0 | 0 | 0 | 0 | 0 | 0 | 0 | 0 | 0 | 0 | 0 | 0 | 0 | 0 | 0 | 0 | 0 | 0 | 0 | 0 | 0 | 0 | 0 | 0 | 0 | 0 | 0 | 0 | 0 | 0 | 





